<?xml version="1.0" encoding="UTF-8"?>
<testsuite xmlns:xsi="http://www.w3.org/2001/XMLSchema-instance" xsi:noNamespaceSchemaLocation="https://maven.apache.org/surefire/maven-surefire-plugin/xsd/surefire-test-report-3.0.xsd" version="3.0" name="autom.libreplan.SoapTest" time="1.379" tests="3" errors="0" skipped="0" failures="1">
  <properties>
[...]
</properties>
  <testcase name="testSoapUITestCase[TestCase_Project]" classname="autom.libreplan.SoapTest" time="0.96">
    <system-out><![CDATA[12:46:39,181 INFO  [DefaultSoapUICore] initialized soapui-settings from [C:\Users\formation\soapui-settings.xml]
12:46:39,991 INFO  [PluginManager] 0 plugins loaded in 1 ms
12:46:39,991 INFO  [DefaultSoapUICore] All plugins loaded
12:46:40,865 INFO  [WsdlProject] Loaded project from [file:/C:/Users/formation/Documents/SquashTA-1.10.0-RELEASE-workspace/libreplan/src/test/resources/Libreplan.xml]
2021-12-12 12:46:40 INFO  SoapTest:59 - Nom du cas de test SoapUI : TestCase_Project
12:46:40,912 INFO  [WsdlProject] Loaded project from [file:/C:/Users/formation/Documents/SquashTA-1.10.0-RELEASE-workspace/libreplan/src/test/resources/Libreplan.xml]
12:46:41,490 DEBUG [HttpClientSupport$SoapUIHttpClient] Attempt 1 to execute request
12:46:41,490 DEBUG [SoapUIMultiThreadedHttpConnectionManager$SoapUIDefaultClientConnection] Sending request: POST /libreplan/ws/rest/orderelements HTTP/1.1
12:46:41,553 DEBUG [SoapUIMultiThreadedHttpConnectionManager$SoapUIDefaultClientConnection] Receiving response: HTTP/1.1 200 OK
12:46:41,556 DEBUG [HttpClientSupport$SoapUIHttpClient] Connection can be kept alive indefinitely
12:46:41,579 DEBUG [HttpClientSupport$SoapUIHttpClient] Stale connection check
12:46:41,594 DEBUG [HttpClientSupport$SoapUIHttpClient] Attempt 1 to execute request
12:46:41,595 DEBUG [SoapUIMultiThreadedHttpConnectionManager$SoapUIDefaultClientConnection] Sending request: POST /libreplan/ws/rest/orderelements HTTP/1.1
12:46:41,650 DEBUG [SoapUIMultiThreadedHttpConnectionManager$SoapUIDefaultClientConnection] Receiving response: HTTP/1.1 200 OK
12:46:41,651 DEBUG [HttpClientSupport$SoapUIHttpClient] Connection can be kept alive indefinitely
12:46:41,654 DEBUG [HttpClientSupport$SoapUIHttpClient] Stale connection check
12:46:41,657 DEBUG [HttpClientSupport$SoapUIHttpClient] Attempt 1 to execute request
12:46:41,657 DEBUG [SoapUIMultiThreadedHttpConnectionManager$SoapUIDefaultClientConnection] Sending request: GET /libreplan/ws/rest/orderelements HTTP/1.1
12:46:41,686 DEBUG [SoapUIMultiThreadedHttpConnectionManager$SoapUIDefaultClientConnection] Receiving response: HTTP/1.1 200 OK
12:46:41,687 DEBUG [HttpClientSupport$SoapUIHttpClient] Connection can be kept alive indefinitely
12:46:41,694 DEBUG [HttpClientSupport$SoapUIHttpClient] Stale connection check
12:46:41,703 DEBUG [HttpClientSupport$SoapUIHttpClient] Attempt 1 to execute request
12:46:41,703 DEBUG [SoapUIMultiThreadedHttpConnectionManager$SoapUIDefaultClientConnection] Sending request: GET /libreplan/ws/rest/orderelements/ORDER1 HTTP/1.1
12:46:41,717 DEBUG [SoapUIMultiThreadedHttpConnectionManager$SoapUIDefaultClientConnection] Receiving response: HTTP/1.1 200 OK
12:46:41,717 DEBUG [HttpClientSupport$SoapUIHttpClient] Connection can be kept alive indefinitely
12:46:41,721 DEBUG [HttpClientSupport$SoapUIHttpClient] Stale connection check
12:46:41,735 DEBUG [HttpClientSupport$SoapUIHttpClient] Attempt 1 to execute request
12:46:41,735 DEBUG [SoapUIMultiThreadedHttpConnectionManager$SoapUIDefaultClientConnection] Sending request: GET /libreplan/ws/rest/orderelements/ORDER2 HTTP/1.1
12:46:41,749 DEBUG [SoapUIMultiThreadedHttpConnectionManager$SoapUIDefaultClientConnection] Receiving response: HTTP/1.1 200 OK
12:46:41,749 DEBUG [HttpClientSupport$SoapUIHttpClient] Connection can be kept alive indefinitely
12:46:41,753 DEBUG [HttpClientSupport$SoapUIHttpClient] Stale connection check
12:46:41,767 DEBUG [HttpClientSupport$SoapUIHttpClient] Attempt 1 to execute request
12:46:41,767 DEBUG [SoapUIMultiThreadedHttpConnectionManager$SoapUIDefaultClientConnection] Sending request: DELETE /libreplan/ws/rest/orderelements/ORDER1 HTTP/1.1
12:46:41,799 DEBUG [SoapUIMultiThreadedHttpConnectionManager$SoapUIDefaultClientConnection] Receiving response: HTTP/1.1 200 OK
12:46:41,799 DEBUG [HttpClientSupport$SoapUIHttpClient] Connection can be kept alive indefinitely
12:46:41,801 DEBUG [HttpClientSupport$SoapUIHttpClient] Stale connection check
12:46:41,814 DEBUG [HttpClientSupport$SoapUIHttpClient] Attempt 1 to execute request
12:46:41,814 DEBUG [SoapUIMultiThreadedHttpConnectionManager$SoapUIDefaultClientConnection] Sending request: DELETE /libreplan/ws/rest/orderelements/ORDER2 HTTP/1.1
12:46:41,836 DEBUG [SoapUIMultiThreadedHttpConnectionManager$SoapUIDefaultClientConnection] Receiving response: HTTP/1.1 200 OK
12:46:41,836 DEBUG [HttpClientSupport$SoapUIHttpClient] Connection can be kept alive indefinitely
12:46:41,838 DEBUG [HttpClientSupport$SoapUIHttpClient] Stale connection check
12:46:41,846 DEBUG [HttpClientSupport$SoapUIHttpClient] Attempt 1 to execute request
12:46:41,846 DEBUG [SoapUIMultiThreadedHttpConnectionManager$SoapUIDefaultClientConnection] Sending request: GET /libreplan/ws/rest/orderelements HTTP/1.1
12:46:41,854 DEBUG [SoapUIMultiThreadedHttpConnectionManager$SoapUIDefaultClientConnection] Receiving response: HTTP/1.1 200 OK
12:46:41,854 DEBUG [HttpClientSupport$SoapUIHttpClient] Connection can be kept alive indefinitely
2021-12-12 12:46:41 INFO  SoapTest:81 - cas de test soapUI terminé ('com.eviware.soapui.impl.wsdl.WsdlTestSuite@6f76c2cc':'TestCase_Project') : FINISHED
]]></system-out>
    <system-err><![CDATA[SLF4J: Class path contains multiple SLF4J bindings.
SLF4J: Found binding in [jar:file:/C:/Users/formation/.m2/repository/org/apache/logging/log4j/log4j-slf4j-impl/2.12.1/log4j-slf4j-impl-2.12.1.jar!/org/slf4j/impl/StaticLoggerBinder.class]
SLF4J: Found binding in [jar:file:/C:/Installation/SmartBear/SoapUI-5.4.0/lib/slf4j-log4j12-1.6.4.jar!/org/slf4j/impl/StaticLoggerBinder.class]
SLF4J: See http://www.slf4j.org/codes.html#multiple_bindings for an explanation.
SLF4J: Actual binding is of type [org.apache.logging.slf4j.Log4jLoggerFactory]
]]></system-err>
  </testcase>
  <testcase name="testSoapUITestCase[TestCase_Resources]" classname="autom.libreplan.SoapTest" time="0.311">
    <failure type="java.lang.AssertionError"><![CDATA[java.lang.AssertionError
	at autom.libreplan.SoapTest.testSoapUITestCase(SoapTest.java:61)
]]></failure>
    <system-out><![CDATA[2021-12-12 12:46:41 INFO  SoapTest:59 - Nom du cas de test SoapUI : TestCase_Resources
12:46:41,878 INFO  [WsdlProject] Loaded project from [file:/C:/Users/formation/Documents/SquashTA-1.10.0-RELEASE-workspace/libreplan/src/test/resources/Libreplan.xml]
12:46:41,907 DEBUG [HttpClientSupport$SoapUIHttpClient] Stale connection check
12:46:41,909 DEBUG [HttpClientSupport$SoapUIHttpClient] Attempt 1 to execute request
12:46:41,909 DEBUG [SoapUIMultiThreadedHttpConnectionManager$SoapUIDefaultClientConnection] Sending request: GET /libreplan/ws/rest/resources HTTP/1.1
12:46:41,918 DEBUG [SoapUIMultiThreadedHttpConnectionManager$SoapUIDefaultClientConnection] Receiving response: HTTP/1.1 200 OK
12:46:41,919 DEBUG [HttpClientSupport$SoapUIHttpClient] Connection can be kept alive indefinitely
12:46:41,922 DEBUG [HttpClientSupport$SoapUIHttpClient] Stale connection check
12:46:41,925 DEBUG [HttpClientSupport$SoapUIHttpClient] Attempt 1 to execute request
12:46:41,925 DEBUG [SoapUIMultiThreadedHttpConnectionManager$SoapUIDefaultClientConnection] Sending request: POST /libreplan/ws/rest/resources HTTP/1.1
12:46:41,958 DEBUG [SoapUIMultiThreadedHttpConnectionManager$SoapUIDefaultClientConnection] Receiving response: HTTP/1.1 200 OK
12:46:41,958 DEBUG [HttpClientSupport$SoapUIHttpClient] Connection can be kept alive indefinitely
12:46:41,962 DEBUG [HttpClientSupport$SoapUIHttpClient] Stale connection check
12:46:41,972 DEBUG [HttpClientSupport$SoapUIHttpClient] Attempt 1 to execute request
12:46:41,972 DEBUG [SoapUIMultiThreadedHttpConnectionManager$SoapUIDefaultClientConnection] Sending request: GET /libreplan/ws/rest/resources/WORKER1 HTTP/1.1
12:46:41,984 DEBUG [SoapUIMultiThreadedHttpConnectionManager$SoapUIDefaultClientConnection] Receiving response: HTTP/1.1 200 OK
12:46:41,985 DEBUG [HttpClientSupport$SoapUIHttpClient] Connection can be kept alive indefinitely
12:46:41,987 DEBUG [HttpClientSupport$SoapUIHttpClient] Stale connection check
12:46:42,003 DEBUG [HttpClientSupport$SoapUIHttpClient] Attempt 1 to execute request
12:46:42,003 DEBUG [SoapUIMultiThreadedHttpConnectionManager$SoapUIDefaultClientConnection] Sending request: POST /libreplan/ws/rest/resources HTTP/1.1
12:46:42,048 DEBUG [SoapUIMultiThreadedHttpConnectionManager$SoapUIDefaultClientConnection] Receiving response: HTTP/1.1 200 OK
12:46:42,048 DEBUG [HttpClientSupport$SoapUIHttpClient] Connection can be kept alive indefinitely
12:46:42,052 DEBUG [HttpClientSupport$SoapUIHttpClient] Stale connection check
12:46:42,067 DEBUG [HttpClientSupport$SoapUIHttpClient] Attempt 1 to execute request
12:46:42,067 DEBUG [SoapUIMultiThreadedHttpConnectionManager$SoapUIDefaultClientConnection] Sending request: GET /libreplan/ws/rest/resources/MACHINE0001 HTTP/1.1
12:46:42,127 DEBUG [SoapUIMultiThreadedHttpConnectionManager$SoapUIDefaultClientConnection] Receiving response: HTTP/1.1 200 OK
12:46:42,127 DEBUG [HttpClientSupport$SoapUIHttpClient] Connection can be kept alive indefinitely
12:46:42,132 DEBUG [HttpClientSupport$SoapUIHttpClient] Stale connection check
12:46:42,147 DEBUG [HttpClientSupport$SoapUIHttpClient] Attempt 1 to execute request
12:46:42,148 DEBUG [SoapUIMultiThreadedHttpConnectionManager$SoapUIDefaultClientConnection] Sending request: DELETE /libreplan/ws/rest/resources/WORKER1 HTTP/1.1
12:46:42,155 DEBUG [SoapUIMultiThreadedHttpConnectionManager$SoapUIDefaultClientConnection] Receiving response: HTTP/1.1 405 Méthode Non Autorisée
12:46:42,158 DEBUG [HttpClientSupport$SoapUIHttpClient] Connection can be kept alive indefinitely
2021-12-12 12:46:42 INFO  SoapTest:81 - cas de test soapUI terminé ('com.eviware.soapui.impl.wsdl.WsdlTestSuite@63d5874f':'TestCase_Resources') : FAILED
]]></system-out>
  </testcase>
  <testcase name="testSoapUITestCase[TestCase_Calendar]" classname="autom.libreplan.SoapTest" time="0.098">
    <system-out><![CDATA[2021-12-12 12:46:42 INFO  SoapTest:59 - Nom du cas de test SoapUI : TestCase_Calendar
12:46:42,188 INFO  [WsdlProject] Loaded project from [file:/C:/Users/formation/Documents/SquashTA-1.10.0-RELEASE-workspace/libreplan/src/test/resources/Libreplan.xml]
12:46:42,216 DEBUG [HttpClientSupport$SoapUIHttpClient] Stale connection check
12:46:42,225 DEBUG [HttpClientSupport$SoapUIHttpClient] Attempt 1 to execute request
12:46:42,225 DEBUG [SoapUIMultiThreadedHttpConnectionManager$SoapUIDefaultClientConnection] Sending request: GET /libreplan/ws/rest/calendars HTTP/1.1
12:46:42,241 DEBUG [SoapUIMultiThreadedHttpConnectionManager$SoapUIDefaultClientConnection] Receiving response: HTTP/1.1 200 OK
12:46:42,241 DEBUG [HttpClientSupport$SoapUIHttpClient] Connection can be kept alive indefinitely
12:46:42,247 DEBUG [HttpClientSupport$SoapUIHttpClient] Stale connection check
12:46:42,256 DEBUG [HttpClientSupport$SoapUIHttpClient] Attempt 1 to execute request
12:46:42,256 DEBUG [SoapUIMultiThreadedHttpConnectionManager$SoapUIDefaultClientConnection] Sending request: GET /libreplan/ws/rest/calendars/CALENDAR0001 HTTP/1.1
12:46:42,268 DEBUG [SoapUIMultiThreadedHttpConnectionManager$SoapUIDefaultClientConnection] Receiving response: HTTP/1.1 200 OK
12:46:42,269 DEBUG [HttpClientSupport$SoapUIHttpClient] Connection can be kept alive indefinitely
2021-12-12 12:46:42 INFO  SoapTest:81 - cas de test soapUI terminé ('com.eviware.soapui.impl.wsdl.WsdlTestSuite@7930ffa9':'TestCase_Calendar') : FINISHED
]]></system-out>
  </testcase>
</testsuite>