<?xml version="1.0" encoding="UTF-8"?>
<testsuite xmlns:xsi="http://www.w3.org/2001/XMLSchema-instance" xsi:noNamespaceSchemaLocation="https://maven.apache.org/surefire/maven-surefire-plugin/xsd/surefire-test-report-3.0.xsd" version="3.0" name="autom.logicaldoc.SoapTest" time="2.518" tests="3" errors="0" skipped="0" failures="0">
  <properties>
[...]
</properties>
  <testcase name="testSoapUITestCase[create]" classname="autom.logicaldoc.SoapTest" time="1.169">
    <system-out><![CDATA[22:07:58,653 INFO  [DefaultSoapUICore] initialized soapui-settings from [C:\Users\formation\soapui-settings.xml]
22:07:59,523 INFO  [PluginManager] 0 plugins loaded in 1 ms
22:07:59,523 INFO  [DefaultSoapUICore] All plugins loaded
22:08:00,459 INFO  [WsdlProject] Loaded project from [file:/C:/Users/formation/Documents/SquashTA-1.10.0-RELEASE-workspace/logicaldoc/src/test/resources/Logicaldoc-project.xml]
2021-12-12 22:08:00 INFO  SoapTest:59 - Nom du cas de test SoapUI : create
22:08:00,547 INFO  [WsdlProject] Loaded project from [file:/C:/Users/formation/Documents/SquashTA-1.10.0-RELEASE-workspace/logicaldoc/src/test/resources/Logicaldoc-project.xml]
22:08:01,057 DEBUG [HttpClientSupport$SoapUIHttpClient] Attempt 1 to execute request
22:08:01,057 DEBUG [SoapUIMultiThreadedHttpConnectionManager$SoapUIDefaultClientConnection] Sending request: POST /logicaldoc/services/Auth HTTP/1.1
22:08:01,070 DEBUG [SoapUIMultiThreadedHttpConnectionManager$SoapUIDefaultClientConnection] Receiving response: HTTP/1.1 200 
22:08:01,073 DEBUG [HttpClientSupport$SoapUIHttpClient] Connection can be kept alive for 20000 MILLISECONDS
22:08:01,332 DEBUG [HttpClientSupport$SoapUIHttpClient] Stale connection check
22:08:01,342 DEBUG [HttpClientSupport$SoapUIHttpClient] Attempt 1 to execute request
22:08:01,342 DEBUG [SoapUIMultiThreadedHttpConnectionManager$SoapUIDefaultClientConnection] Sending request: POST /logicaldoc/services/Folder HTTP/1.1
22:08:01,349 DEBUG [SoapUIMultiThreadedHttpConnectionManager$SoapUIDefaultClientConnection] Receiving response: HTTP/1.1 200 
22:08:01,350 DEBUG [HttpClientSupport$SoapUIHttpClient] Connection can be kept alive for 20000 MILLISECONDS
22:08:01,381 DEBUG [HttpClientSupport$SoapUIHttpClient] Stale connection check
22:08:01,389 DEBUG [HttpClientSupport$SoapUIHttpClient] Attempt 1 to execute request
22:08:01,389 DEBUG [SoapUIMultiThreadedHttpConnectionManager$SoapUIDefaultClientConnection] Sending request: POST /logicaldoc/services/Folder HTTP/1.1
22:08:01,398 DEBUG [SoapUIMultiThreadedHttpConnectionManager$SoapUIDefaultClientConnection] Receiving response: HTTP/1.1 200 
22:08:01,398 DEBUG [HttpClientSupport$SoapUIHttpClient] Connection can be kept alive for 20000 MILLISECONDS
22:08:01,447 DEBUG [HttpClientSupport$SoapUIHttpClient] Stale connection check
22:08:01,452 DEBUG [HttpClientSupport$SoapUIHttpClient] Attempt 1 to execute request
22:08:01,452 DEBUG [SoapUIMultiThreadedHttpConnectionManager$SoapUIDefaultClientConnection] Sending request: POST /logicaldoc/services/Document HTTP/1.1
22:08:01,475 DEBUG [SoapUIMultiThreadedHttpConnectionManager$SoapUIDefaultClientConnection] Receiving response: HTTP/1.1 200 
22:08:01,475 DEBUG [HttpClientSupport$SoapUIHttpClient] Connection can be kept alive for 20000 MILLISECONDS
22:08:01,531 DEBUG [HttpClientSupport$SoapUIHttpClient] Stale connection check
22:08:01,547 DEBUG [HttpClientSupport$SoapUIHttpClient] Attempt 1 to execute request
22:08:01,547 DEBUG [SoapUIMultiThreadedHttpConnectionManager$SoapUIDefaultClientConnection] Sending request: POST /logicaldoc/services/Document HTTP/1.1
22:08:01,562 DEBUG [SoapUIMultiThreadedHttpConnectionManager$SoapUIDefaultClientConnection] Receiving response: HTTP/1.1 200 
22:08:01,562 DEBUG [HttpClientSupport$SoapUIHttpClient] Connection can be kept alive for 20000 MILLISECONDS
22:08:01,567 DEBUG [HttpClientSupport$SoapUIHttpClient] Stale connection check
22:08:01,579 DEBUG [HttpClientSupport$SoapUIHttpClient] Attempt 1 to execute request
22:08:01,579 DEBUG [SoapUIMultiThreadedHttpConnectionManager$SoapUIDefaultClientConnection] Sending request: POST /logicaldoc/services/Document HTTP/1.1
22:08:01,584 DEBUG [SoapUIMultiThreadedHttpConnectionManager$SoapUIDefaultClientConnection] Receiving response: HTTP/1.1 200 
22:08:01,584 DEBUG [HttpClientSupport$SoapUIHttpClient] Connection can be kept alive for 20000 MILLISECONDS
22:08:01,602 DEBUG [HttpClientSupport$SoapUIHttpClient] Stale connection check
22:08:01,610 DEBUG [HttpClientSupport$SoapUIHttpClient] Attempt 1 to execute request
22:08:01,610 DEBUG [SoapUIMultiThreadedHttpConnectionManager$SoapUIDefaultClientConnection] Sending request: POST /logicaldoc/services/Document HTTP/1.1
22:08:01,619 DEBUG [SoapUIMultiThreadedHttpConnectionManager$SoapUIDefaultClientConnection] Receiving response: HTTP/1.1 200 
22:08:01,619 DEBUG [HttpClientSupport$SoapUIHttpClient] Connection can be kept alive for 20000 MILLISECONDS
22:08:01,621 DEBUG [HttpClientSupport$SoapUIHttpClient] Stale connection check
22:08:01,626 DEBUG [HttpClientSupport$SoapUIHttpClient] Attempt 1 to execute request
22:08:01,626 DEBUG [SoapUIMultiThreadedHttpConnectionManager$SoapUIDefaultClientConnection] Sending request: POST /logicaldoc/services/Folder HTTP/1.1
22:08:01,633 DEBUG [SoapUIMultiThreadedHttpConnectionManager$SoapUIDefaultClientConnection] Receiving response: HTTP/1.1 200 
22:08:01,633 DEBUG [HttpClientSupport$SoapUIHttpClient] Connection can be kept alive for 20000 MILLISECONDS
22:08:01,635 DEBUG [HttpClientSupport$SoapUIHttpClient] Stale connection check
22:08:01,642 DEBUG [HttpClientSupport$SoapUIHttpClient] Attempt 1 to execute request
22:08:01,643 DEBUG [SoapUIMultiThreadedHttpConnectionManager$SoapUIDefaultClientConnection] Sending request: POST /logicaldoc/services/Auth HTTP/1.1
22:08:01,650 DEBUG [SoapUIMultiThreadedHttpConnectionManager$SoapUIDefaultClientConnection] Receiving response: HTTP/1.1 200 
22:08:01,651 DEBUG [HttpClientSupport$SoapUIHttpClient] Connection can be kept alive for 20000 MILLISECONDS
2021-12-12 22:08:01 INFO  SoapTest:81 - cas de test soapUI terminé ('com.eviware.soapui.impl.wsdl.WsdlTestSuite@36d33f4':'create') : FINISHED
]]></system-out>
    <system-err><![CDATA[SLF4J: Class path contains multiple SLF4J bindings.
SLF4J: Found binding in [jar:file:/C:/Users/formation/.m2/repository/org/apache/logging/log4j/log4j-slf4j-impl/2.12.1/log4j-slf4j-impl-2.12.1.jar!/org/slf4j/impl/StaticLoggerBinder.class]
SLF4J: Found binding in [jar:file:/C:/Installation/SmartBear/SoapUI-5.4.0/lib/slf4j-log4j12-1.6.4.jar!/org/slf4j/impl/StaticLoggerBinder.class]
SLF4J: See http://www.slf4j.org/codes.html#multiple_bindings for an explanation.
SLF4J: Actual binding is of type [org.apache.logging.slf4j.Log4jLoggerFactory]
]]></system-err>
  </testcase>
  <testcase name="testSoapUITestCase[bookmark]" classname="autom.logicaldoc.SoapTest" time="0.754">
    <system-out><![CDATA[2021-12-12 22:08:01 INFO  SoapTest:59 - Nom du cas de test SoapUI : bookmark
22:08:01,718 INFO  [WsdlProject] Loaded project from [file:/C:/Users/formation/Documents/SquashTA-1.10.0-RELEASE-workspace/logicaldoc/src/test/resources/Logicaldoc-project.xml]
22:08:01,742 DEBUG [HttpClientSupport$SoapUIHttpClient] Stale connection check
22:08:01,752 DEBUG [HttpClientSupport$SoapUIHttpClient] Attempt 1 to execute request
22:08:01,752 DEBUG [SoapUIMultiThreadedHttpConnectionManager$SoapUIDefaultClientConnection] Sending request: POST /logicaldoc/services/Auth HTTP/1.1
22:08:01,762 DEBUG [SoapUIMultiThreadedHttpConnectionManager$SoapUIDefaultClientConnection] Receiving response: HTTP/1.1 200 
22:08:01,763 DEBUG [HttpClientSupport$SoapUIHttpClient] Connection can be kept alive for 20000 MILLISECONDS
22:08:01,791 DEBUG [HttpClientSupport$SoapUIHttpClient] Stale connection check
22:08:01,800 DEBUG [HttpClientSupport$SoapUIHttpClient] Attempt 1 to execute request
22:08:01,800 DEBUG [SoapUIMultiThreadedHttpConnectionManager$SoapUIDefaultClientConnection] Sending request: POST /logicaldoc/services/Folder HTTP/1.1
22:08:01,807 DEBUG [SoapUIMultiThreadedHttpConnectionManager$SoapUIDefaultClientConnection] Receiving response: HTTP/1.1 200 
22:08:01,807 DEBUG [HttpClientSupport$SoapUIHttpClient] Connection can be kept alive for 20000 MILLISECONDS
22:08:01,838 DEBUG [HttpClientSupport$SoapUIHttpClient] Stale connection check
22:08:01,847 DEBUG [HttpClientSupport$SoapUIHttpClient] Attempt 1 to execute request
22:08:01,847 DEBUG [SoapUIMultiThreadedHttpConnectionManager$SoapUIDefaultClientConnection] Sending request: POST /logicaldoc/services/Folder HTTP/1.1
22:08:01,855 DEBUG [SoapUIMultiThreadedHttpConnectionManager$SoapUIDefaultClientConnection] Receiving response: HTTP/1.1 200 
22:08:01,855 DEBUG [HttpClientSupport$SoapUIHttpClient] Connection can be kept alive for 20000 MILLISECONDS
22:08:01,893 DEBUG [HttpClientSupport$SoapUIHttpClient] Stale connection check
22:08:01,895 DEBUG [HttpClientSupport$SoapUIHttpClient] Attempt 1 to execute request
22:08:01,895 DEBUG [SoapUIMultiThreadedHttpConnectionManager$SoapUIDefaultClientConnection] Sending request: POST /logicaldoc/services/Document HTTP/1.1
22:08:01,908 DEBUG [SoapUIMultiThreadedHttpConnectionManager$SoapUIDefaultClientConnection] Receiving response: HTTP/1.1 200 
22:08:01,908 DEBUG [HttpClientSupport$SoapUIHttpClient] Connection can be kept alive for 20000 MILLISECONDS
22:08:01,935 DEBUG [HttpClientSupport$SoapUIHttpClient] Stale connection check
22:08:01,943 DEBUG [HttpClientSupport$SoapUIHttpClient] Attempt 1 to execute request
22:08:01,943 DEBUG [SoapUIMultiThreadedHttpConnectionManager$SoapUIDefaultClientConnection] Sending request: POST /logicaldoc/services/Bookmark HTTP/1.1
22:08:01,956 DEBUG [SoapUIMultiThreadedHttpConnectionManager$SoapUIDefaultClientConnection] Receiving response: HTTP/1.1 200 
22:08:01,956 DEBUG [HttpClientSupport$SoapUIHttpClient] Connection can be kept alive for 20000 MILLISECONDS
22:08:01,981 DEBUG [HttpClientSupport$SoapUIHttpClient] Stale connection check
22:08:01,991 DEBUG [HttpClientSupport$SoapUIHttpClient] Attempt 1 to execute request
22:08:01,991 DEBUG [SoapUIMultiThreadedHttpConnectionManager$SoapUIDefaultClientConnection] Sending request: POST /logicaldoc/services/Bookmark HTTP/1.1
22:08:01,995 DEBUG [SoapUIMultiThreadedHttpConnectionManager$SoapUIDefaultClientConnection] Receiving response: HTTP/1.1 200 
22:08:01,995 DEBUG [HttpClientSupport$SoapUIHttpClient] Connection can be kept alive for 20000 MILLISECONDS
22:08:02,011 DEBUG [HttpClientSupport$SoapUIHttpClient] Stale connection check
22:08:02,023 DEBUG [HttpClientSupport$SoapUIHttpClient] Attempt 1 to execute request
22:08:02,023 DEBUG [SoapUIMultiThreadedHttpConnectionManager$SoapUIDefaultClientConnection] Sending request: POST /logicaldoc/services/Bookmark HTTP/1.1
22:08:02,375 DEBUG [SoapUIMultiThreadedHttpConnectionManager$SoapUIDefaultClientConnection] Receiving response: HTTP/1.1 200 
22:08:02,375 DEBUG [HttpClientSupport$SoapUIHttpClient] Connection can be kept alive for 20000 MILLISECONDS
22:08:02,379 DEBUG [HttpClientSupport$SoapUIHttpClient] Stale connection check
22:08:02,385 DEBUG [HttpClientSupport$SoapUIHttpClient] Attempt 1 to execute request
22:08:02,385 DEBUG [SoapUIMultiThreadedHttpConnectionManager$SoapUIDefaultClientConnection] Sending request: POST /logicaldoc/services/Document HTTP/1.1
22:08:02,396 DEBUG [SoapUIMultiThreadedHttpConnectionManager$SoapUIDefaultClientConnection] Receiving response: HTTP/1.1 200 
22:08:02,396 DEBUG [HttpClientSupport$SoapUIHttpClient] Connection can be kept alive for 20000 MILLISECONDS
22:08:02,399 DEBUG [HttpClientSupport$SoapUIHttpClient] Stale connection check
22:08:02,415 DEBUG [HttpClientSupport$SoapUIHttpClient] Attempt 1 to execute request
22:08:02,415 DEBUG [SoapUIMultiThreadedHttpConnectionManager$SoapUIDefaultClientConnection] Sending request: POST /logicaldoc/services/Folder HTTP/1.1
22:08:02,421 DEBUG [SoapUIMultiThreadedHttpConnectionManager$SoapUIDefaultClientConnection] Receiving response: HTTP/1.1 200 
22:08:02,421 DEBUG [HttpClientSupport$SoapUIHttpClient] Connection can be kept alive for 20000 MILLISECONDS
22:08:02,424 DEBUG [HttpClientSupport$SoapUIHttpClient] Stale connection check
22:08:02,431 DEBUG [HttpClientSupport$SoapUIHttpClient] Attempt 1 to execute request
22:08:02,431 DEBUG [SoapUIMultiThreadedHttpConnectionManager$SoapUIDefaultClientConnection] Sending request: POST /logicaldoc/services/Auth HTTP/1.1
22:08:02,434 DEBUG [SoapUIMultiThreadedHttpConnectionManager$SoapUIDefaultClientConnection] Receiving response: HTTP/1.1 200 
22:08:02,434 DEBUG [HttpClientSupport$SoapUIHttpClient] Connection can be kept alive for 20000 MILLISECONDS
2021-12-12 22:08:02 INFO  SoapTest:81 - cas de test soapUI terminé ('com.eviware.soapui.impl.wsdl.WsdlTestSuite@6b1b19cf':'bookmark') : FINISHED
]]></system-out>
  </testcase>
  <testcase name="testSoapUITestCase[search]" classname="autom.logicaldoc.SoapTest" time="0.586">
    <system-out><![CDATA[2021-12-12 22:08:02 INFO  SoapTest:59 - Nom du cas de test SoapUI : search
22:08:02,460 INFO  [WsdlProject] Loaded project from [file:/C:/Users/formation/Documents/SquashTA-1.10.0-RELEASE-workspace/logicaldoc/src/test/resources/Logicaldoc-project.xml]
22:08:02,487 DEBUG [HttpClientSupport$SoapUIHttpClient] Stale connection check
22:08:02,494 DEBUG [HttpClientSupport$SoapUIHttpClient] Attempt 1 to execute request
22:08:02,494 DEBUG [SoapUIMultiThreadedHttpConnectionManager$SoapUIDefaultClientConnection] Sending request: POST /logicaldoc/services/Auth HTTP/1.1
22:08:02,502 DEBUG [SoapUIMultiThreadedHttpConnectionManager$SoapUIDefaultClientConnection] Receiving response: HTTP/1.1 200 
22:08:02,503 DEBUG [HttpClientSupport$SoapUIHttpClient] Connection can be kept alive for 20000 MILLISECONDS
22:08:02,528 DEBUG [HttpClientSupport$SoapUIHttpClient] Stale connection check
22:08:02,541 DEBUG [HttpClientSupport$SoapUIHttpClient] Attempt 1 to execute request
22:08:02,541 DEBUG [SoapUIMultiThreadedHttpConnectionManager$SoapUIDefaultClientConnection] Sending request: POST /logicaldoc/services/Folder HTTP/1.1
22:08:02,548 DEBUG [SoapUIMultiThreadedHttpConnectionManager$SoapUIDefaultClientConnection] Receiving response: HTTP/1.1 200 
22:08:02,548 DEBUG [HttpClientSupport$SoapUIHttpClient] Connection can be kept alive for 20000 MILLISECONDS
22:08:02,582 DEBUG [HttpClientSupport$SoapUIHttpClient] Stale connection check
22:08:02,588 DEBUG [HttpClientSupport$SoapUIHttpClient] Attempt 1 to execute request
22:08:02,588 DEBUG [SoapUIMultiThreadedHttpConnectionManager$SoapUIDefaultClientConnection] Sending request: POST /logicaldoc/services/Folder HTTP/1.1
22:08:02,597 DEBUG [SoapUIMultiThreadedHttpConnectionManager$SoapUIDefaultClientConnection] Receiving response: HTTP/1.1 200 
22:08:02,597 DEBUG [HttpClientSupport$SoapUIHttpClient] Connection can be kept alive for 20000 MILLISECONDS
22:08:02,627 DEBUG [HttpClientSupport$SoapUIHttpClient] Stale connection check
22:08:02,635 DEBUG [HttpClientSupport$SoapUIHttpClient] Attempt 1 to execute request
22:08:02,635 DEBUG [SoapUIMultiThreadedHttpConnectionManager$SoapUIDefaultClientConnection] Sending request: POST /logicaldoc/services/Document HTTP/1.1
22:08:02,650 DEBUG [SoapUIMultiThreadedHttpConnectionManager$SoapUIDefaultClientConnection] Receiving response: HTTP/1.1 200 
22:08:02,650 DEBUG [HttpClientSupport$SoapUIHttpClient] Connection can be kept alive for 20000 MILLISECONDS
22:08:02,690 DEBUG [HttpClientSupport$SoapUIHttpClient] Stale connection check
22:08:02,699 DEBUG [HttpClientSupport$SoapUIHttpClient] Attempt 1 to execute request
22:08:02,699 DEBUG [SoapUIMultiThreadedHttpConnectionManager$SoapUIDefaultClientConnection] Sending request: POST /logicaldoc/services/Document HTTP/1.1
22:08:02,712 DEBUG [SoapUIMultiThreadedHttpConnectionManager$SoapUIDefaultClientConnection] Receiving response: HTTP/1.1 200 
22:08:02,712 DEBUG [HttpClientSupport$SoapUIHttpClient] Connection can be kept alive for 20000 MILLISECONDS
22:08:02,714 DEBUG [HttpClientSupport$SoapUIHttpClient] Stale connection check
22:08:02,731 DEBUG [HttpClientSupport$SoapUIHttpClient] Attempt 1 to execute request
22:08:02,731 DEBUG [SoapUIMultiThreadedHttpConnectionManager$SoapUIDefaultClientConnection] Sending request: POST /logicaldoc/services/Document HTTP/1.1
22:08:02,737 DEBUG [SoapUIMultiThreadedHttpConnectionManager$SoapUIDefaultClientConnection] Receiving response: HTTP/1.1 200 
22:08:02,738 DEBUG [HttpClientSupport$SoapUIHttpClient] Connection can be kept alive for 20000 MILLISECONDS
22:08:02,763 DEBUG [HttpClientSupport$SoapUIHttpClient] Stale connection check
22:08:02,779 DEBUG [HttpClientSupport$SoapUIHttpClient] Attempt 1 to execute request
22:08:02,779 DEBUG [SoapUIMultiThreadedHttpConnectionManager$SoapUIDefaultClientConnection] Sending request: POST /logicaldoc/services/Document HTTP/1.1
22:08:02,846 DEBUG [SoapUIMultiThreadedHttpConnectionManager$SoapUIDefaultClientConnection] Receiving response: HTTP/1.1 200 
22:08:02,846 DEBUG [HttpClientSupport$SoapUIHttpClient] Connection can be kept alive for 20000 MILLISECONDS
22:08:02,848 DEBUG [HttpClientSupport$SoapUIHttpClient] Stale connection check
22:08:02,856 DEBUG [HttpClientSupport$SoapUIHttpClient] Attempt 1 to execute request
22:08:02,856 DEBUG [SoapUIMultiThreadedHttpConnectionManager$SoapUIDefaultClientConnection] Sending request: POST /logicaldoc/services/Search HTTP/1.1
22:08:02,861 DEBUG [SoapUIMultiThreadedHttpConnectionManager$SoapUIDefaultClientConnection] Receiving response: HTTP/1.1 200 
22:08:02,861 DEBUG [HttpClientSupport$SoapUIHttpClient] Connection can be kept alive for 20000 MILLISECONDS
22:08:02,873 DEBUG [HttpClientSupport$SoapUIHttpClient] Stale connection check
22:08:02,888 DEBUG [HttpClientSupport$SoapUIHttpClient] Attempt 1 to execute request
22:08:02,888 DEBUG [SoapUIMultiThreadedHttpConnectionManager$SoapUIDefaultClientConnection] Sending request: POST /logicaldoc/services/Search HTTP/1.1
22:08:02,901 DEBUG [SoapUIMultiThreadedHttpConnectionManager$SoapUIDefaultClientConnection] Receiving response: HTTP/1.1 200 
22:08:02,902 DEBUG [HttpClientSupport$SoapUIHttpClient] Connection can be kept alive for 20000 MILLISECONDS
22:08:02,915 DEBUG [HttpClientSupport$SoapUIHttpClient] Stale connection check
22:08:02,919 DEBUG [HttpClientSupport$SoapUIHttpClient] Attempt 1 to execute request
22:08:02,919 DEBUG [SoapUIMultiThreadedHttpConnectionManager$SoapUIDefaultClientConnection] Sending request: POST /logicaldoc/services/Search HTTP/1.1
22:08:02,935 DEBUG [SoapUIMultiThreadedHttpConnectionManager$SoapUIDefaultClientConnection] Receiving response: HTTP/1.1 200 
22:08:02,935 DEBUG [HttpClientSupport$SoapUIHttpClient] Connection can be kept alive for 20000 MILLISECONDS
22:08:02,953 DEBUG [HttpClientSupport$SoapUIHttpClient] Stale connection check
22:08:02,967 DEBUG [HttpClientSupport$SoapUIHttpClient] Attempt 1 to execute request
22:08:02,967 DEBUG [SoapUIMultiThreadedHttpConnectionManager$SoapUIDefaultClientConnection] Sending request: POST /logicaldoc/services/Document HTTP/1.1
22:08:02,979 DEBUG [SoapUIMultiThreadedHttpConnectionManager$SoapUIDefaultClientConnection] Receiving response: HTTP/1.1 200 
22:08:02,980 DEBUG [HttpClientSupport$SoapUIHttpClient] Connection can be kept alive for 20000 MILLISECONDS
22:08:02,983 DEBUG [HttpClientSupport$SoapUIHttpClient] Stale connection check
22:08:02,999 DEBUG [HttpClientSupport$SoapUIHttpClient] Attempt 1 to execute request
22:08:02,999 DEBUG [SoapUIMultiThreadedHttpConnectionManager$SoapUIDefaultClientConnection] Sending request: POST /logicaldoc/services/Folder HTTP/1.1
22:08:03,007 DEBUG [SoapUIMultiThreadedHttpConnectionManager$SoapUIDefaultClientConnection] Receiving response: HTTP/1.1 200 
22:08:03,007 DEBUG [HttpClientSupport$SoapUIHttpClient] Connection can be kept alive for 20000 MILLISECONDS
22:08:03,009 DEBUG [HttpClientSupport$SoapUIHttpClient] Stale connection check
22:08:03,015 DEBUG [HttpClientSupport$SoapUIHttpClient] Attempt 1 to execute request
22:08:03,015 DEBUG [SoapUIMultiThreadedHttpConnectionManager$SoapUIDefaultClientConnection] Sending request: POST /logicaldoc/services/Auth HTTP/1.1
22:08:03,018 DEBUG [SoapUIMultiThreadedHttpConnectionManager$SoapUIDefaultClientConnection] Receiving response: HTTP/1.1 200 
22:08:03,018 DEBUG [HttpClientSupport$SoapUIHttpClient] Connection can be kept alive for 20000 MILLISECONDS
2021-12-12 22:08:03 INFO  SoapTest:81 - cas de test soapUI terminé ('com.eviware.soapui.impl.wsdl.WsdlTestSuite@7634f2b':'search') : FINISHED
]]></system-out>
  </testcase>
</testsuite>